CRITICAL - 2024-02-25 10:09:17 --> Invalid file: "Forgotpass.php"
in SYSTEMPATH\Exceptions\FrameworkException.php on line 33.
 1 SYSTEMPATH\View\View.php(201): CodeIgniter\Exceptions\FrameworkException::forInvalidFile('Forgotpass.php')
 2 SYSTEMPATH\Common.php(1177): CodeIgniter\View\View->render('Forgotpass', [], true)
 3 APPPATH\Controllers\ForgotPasswordController.php(11): view('Forgotpass')
 4 SYSTEMPATH\CodeIgniter.php(934): App\Controllers\ForgotPasswordController->index()
 5 SYSTEMPATH\CodeIgniter.php(499): CodeIgniter\CodeIgniter->runController(Object(App\Controllers\ForgotPasswordController))
 6 SYSTEMPATH\CodeIgniter.php(368): CodeIgniter\CodeIgniter->handleRequest(null, Object(Config\Cache), false)
 7 FCPATH\index.php(67): CodeIgniter\CodeIgniter->run()
 8 SYSTEMPATH\Commands\Server\rewrite.php(47): require_once('FCPATH\\index.php')
CRITICAL - 2024-02-25 10:09:46 --> Invalid file: "Forgotpass.php"
in SYSTEMPATH\Exceptions\FrameworkException.php on line 33.
 1 SYSTEMPATH\View\View.php(201): CodeIgniter\Exceptions\FrameworkException::forInvalidFile('Forgotpass.php')
 2 SYSTEMPATH\Common.php(1177): CodeIgniter\View\View->render('Forgotpass', [], true)
 3 APPPATH\Controllers\ForgotPasswordController.php(11): view('Forgotpass')
 4 SYSTEMPATH\CodeIgniter.php(934): App\Controllers\ForgotPasswordController->index()
 5 SYSTEMPATH\CodeIgniter.php(499): CodeIgniter\CodeIgniter->runController(Object(App\Controllers\ForgotPasswordController))
 6 SYSTEMPATH\CodeIgniter.php(368): CodeIgniter\CodeIgniter->handleRequest(null, Object(Config\Cache), false)
 7 FCPATH\index.php(67): CodeIgniter\CodeIgniter->run()
 8 SYSTEMPATH\Commands\Server\rewrite.php(47): require_once('FCPATH\\index.php')
CRITICAL - 2024-02-25 10:09:47 --> Invalid file: "Forgotpass.php"
in SYSTEMPATH\Exceptions\FrameworkException.php on line 33.
 1 SYSTEMPATH\View\View.php(201): CodeIgniter\Exceptions\FrameworkException::forInvalidFile('Forgotpass.php')
 2 SYSTEMPATH\Common.php(1177): CodeIgniter\View\View->render('Forgotpass', [], true)
 3 APPPATH\Controllers\ForgotPasswordController.php(11): view('Forgotpass')
 4 SYSTEMPATH\CodeIgniter.php(934): App\Controllers\ForgotPasswordController->index()
 5 SYSTEMPATH\CodeIgniter.php(499): CodeIgniter\CodeIgniter->runController(Object(App\Controllers\ForgotPasswordController))
 6 SYSTEMPATH\CodeIgniter.php(368): CodeIgniter\CodeIgniter->handleRequest(null, Object(Config\Cache), false)
 7 FCPATH\index.php(67): CodeIgniter\CodeIgniter->run()
 8 SYSTEMPATH\Commands\Server\rewrite.php(47): require_once('FCPATH\\index.php')
CRITICAL - 2024-02-25 10:09:47 --> Invalid file: "Forgotpass.php"
in SYSTEMPATH\Exceptions\FrameworkException.php on line 33.
 1 SYSTEMPATH\View\View.php(201): CodeIgniter\Exceptions\FrameworkException::forInvalidFile('Forgotpass.php')
 2 SYSTEMPATH\Common.php(1177): CodeIgniter\View\View->render('Forgotpass', [], true)
 3 APPPATH\Controllers\ForgotPasswordController.php(11): view('Forgotpass')
 4 SYSTEMPATH\CodeIgniter.php(934): App\Controllers\ForgotPasswordController->index()
 5 SYSTEMPATH\CodeIgniter.php(499): CodeIgniter\CodeIgniter->runController(Object(App\Controllers\ForgotPasswordController))
 6 SYSTEMPATH\CodeIgniter.php(368): CodeIgniter\CodeIgniter->handleRequest(null, Object(Config\Cache), false)
 7 FCPATH\index.php(67): CodeIgniter\CodeIgniter->run()
 8 SYSTEMPATH\Commands\Server\rewrite.php(47): require_once('FCPATH\\index.php')
CRITICAL - 2024-02-25 10:09:47 --> Invalid file: "Forgotpass.php"
in SYSTEMPATH\Exceptions\FrameworkException.php on line 33.
 1 SYSTEMPATH\View\View.php(201): CodeIgniter\Exceptions\FrameworkException::forInvalidFile('Forgotpass.php')
 2 SYSTEMPATH\Common.php(1177): CodeIgniter\View\View->render('Forgotpass', [], true)
 3 APPPATH\Controllers\ForgotPasswordController.php(11): view('Forgotpass')
 4 SYSTEMPATH\CodeIgniter.php(934): App\Controllers\ForgotPasswordController->index()
 5 SYSTEMPATH\CodeIgniter.php(499): CodeIgniter\CodeIgniter->runController(Object(App\Controllers\ForgotPasswordController))
 6 SYSTEMPATH\CodeIgniter.php(368): CodeIgniter\CodeIgniter->handleRequest(null, Object(Config\Cache), false)
 7 FCPATH\index.php(67): CodeIgniter\CodeIgniter->run()
 8 SYSTEMPATH\Commands\Server\rewrite.php(47): require_once('FCPATH\\index.php')
CRITICAL - 2024-02-25 10:10:20 --> Invalid file: "Forgotpass.php"
in SYSTEMPATH\Exceptions\FrameworkException.php on line 33.
 1 SYSTEMPATH\View\View.php(201): CodeIgniter\Exceptions\FrameworkException::forInvalidFile('Forgotpass.php')
 2 SYSTEMPATH\Common.php(1177): CodeIgniter\View\View->render('Forgotpass', [], true)
 3 APPPATH\Controllers\ForgotPasswordController.php(11): view('Forgotpass')
 4 SYSTEMPATH\CodeIgniter.php(934): App\Controllers\ForgotPasswordController->index()
 5 SYSTEMPATH\CodeIgniter.php(499): CodeIgniter\CodeIgniter->runController(Object(App\Controllers\ForgotPasswordController))
 6 SYSTEMPATH\CodeIgniter.php(368): CodeIgniter\CodeIgniter->handleRequest(null, Object(Config\Cache), false)
 7 FCPATH\index.php(67): CodeIgniter\CodeIgniter->run()
 8 SYSTEMPATH\Commands\Server\rewrite.php(47): require_once('FCPATH\\index.php')
ERROR - 2024-02-25 10:26:46 --> Email: Unable to send email using Sendmail. Your server might not be configured to send mail using this method.
ERROR - 2024-02-25 10:26:46 --> Exit status code: 1
Unable to open a socket to Sendmail. Please check settings.
CRITICAL - 2024-02-25 10:26:46 --> Invalid file: "your_forgot_password_view.php"
in SYSTEMPATH\Exceptions\FrameworkException.php on line 33.
 1 SYSTEMPATH\View\View.php(201): CodeIgniter\Exceptions\FrameworkException::forInvalidFile('your_forgot_password_view.php')
 2 SYSTEMPATH\Common.php(1177): CodeIgniter\View\View->render('your_forgot_password_view', [], true)
 3 APPPATH\Controllers\ForgotPasswordController.php(44): view('your_forgot_password_view', [...])
 4 SYSTEMPATH\CodeIgniter.php(934): App\Controllers\ForgotPasswordController->ResetPass()
 5 SYSTEMPATH\CodeIgniter.php(499): CodeIgniter\CodeIgniter->runController(Object(App\Controllers\ForgotPasswordController))
 6 SYSTEMPATH\CodeIgniter.php(368): CodeIgniter\CodeIgniter->handleRequest(null, Object(Config\Cache), false)
 7 FCPATH\index.php(67): CodeIgniter\CodeIgniter->run()
 8 SYSTEMPATH\Commands\Server\rewrite.php(47): require_once('FCPATH\\index.php')
ERROR - 2024-02-25 10:28:23 --> Email: Unable to send email using Sendmail. Your server might not be configured to send mail using this method.
ERROR - 2024-02-25 10:28:23 --> Exit status code: 1
Unable to open a socket to Sendmail. Please check settings.
CRITICAL - 2024-02-25 10:28:23 --> Invalid file: "your_forgot_password_view.php"
in SYSTEMPATH\Exceptions\FrameworkException.php on line 33.
 1 SYSTEMPATH\View\View.php(201): CodeIgniter\Exceptions\FrameworkException::forInvalidFile('your_forgot_password_view.php')
 2 SYSTEMPATH\Common.php(1177): CodeIgniter\View\View->render('your_forgot_password_view', [], true)
 3 APPPATH\Controllers\ForgotPasswordController.php(44): view('your_forgot_password_view', [...])
 4 SYSTEMPATH\CodeIgniter.php(934): App\Controllers\ForgotPasswordController->ResetPass()
 5 SYSTEMPATH\CodeIgniter.php(499): CodeIgniter\CodeIgniter->runController(Object(App\Controllers\ForgotPasswordController))
 6 SYSTEMPATH\CodeIgniter.php(368): CodeIgniter\CodeIgniter->handleRequest(null, Object(Config\Cache), false)
 7 FCPATH\index.php(67): CodeIgniter\CodeIgniter->run()
 8 SYSTEMPATH\Commands\Server\rewrite.php(47): require_once('FCPATH\\index.php')
ERROR - 2024-02-25 10:28:26 --> Email: Unable to send email using Sendmail. Your server might not be configured to send mail using this method.
ERROR - 2024-02-25 10:28:26 --> Exit status code: 1
Unable to open a socket to Sendmail. Please check settings.
CRITICAL - 2024-02-25 10:28:26 --> Invalid file: "your_forgot_password_view.php"
in SYSTEMPATH\Exceptions\FrameworkException.php on line 33.
 1 SYSTEMPATH\View\View.php(201): CodeIgniter\Exceptions\FrameworkException::forInvalidFile('your_forgot_password_view.php')
 2 SYSTEMPATH\Common.php(1177): CodeIgniter\View\View->render('your_forgot_password_view', [], true)
 3 APPPATH\Controllers\ForgotPasswordController.php(44): view('your_forgot_password_view', [...])
 4 SYSTEMPATH\CodeIgniter.php(934): App\Controllers\ForgotPasswordController->ResetPass()
 5 SYSTEMPATH\CodeIgniter.php(499): CodeIgniter\CodeIgniter->runController(Object(App\Controllers\ForgotPasswordController))
 6 SYSTEMPATH\CodeIgniter.php(368): CodeIgniter\CodeIgniter->handleRequest(null, Object(Config\Cache), false)
 7 FCPATH\index.php(67): CodeIgniter\CodeIgniter->run()
 8 SYSTEMPATH\Commands\Server\rewrite.php(47): require_once('FCPATH\\index.php')
ERROR - 2024-02-25 10:28:41 --> Email: Unable to send email using Sendmail. Your server might not be configured to send mail using this method.
ERROR - 2024-02-25 10:28:41 --> Exit status code: 1
Unable to open a socket to Sendmail. Please check settings.
CRITICAL - 2024-02-25 10:28:41 --> Invalid file: "your_forgot_password_view.php"
in SYSTEMPATH\Exceptions\FrameworkException.php on line 33.
 1 SYSTEMPATH\View\View.php(201): CodeIgniter\Exceptions\FrameworkException::forInvalidFile('your_forgot_password_view.php')
 2 SYSTEMPATH\Common.php(1177): CodeIgniter\View\View->render('your_forgot_password_view', [], true)
 3 APPPATH\Controllers\ForgotPasswordController.php(44): view('your_forgot_password_view', [...])
 4 SYSTEMPATH\CodeIgniter.php(934): App\Controllers\ForgotPasswordController->ResetPass()
 5 SYSTEMPATH\CodeIgniter.php(499): CodeIgniter\CodeIgniter->runController(Object(App\Controllers\ForgotPasswordController))
 6 SYSTEMPATH\CodeIgniter.php(368): CodeIgniter\CodeIgniter->handleRequest(null, Object(Config\Cache), false)
 7 FCPATH\index.php(67): CodeIgniter\CodeIgniter->run()
 8 SYSTEMPATH\Commands\Server\rewrite.php(47): require_once('FCPATH\\index.php')
CRITICAL - 2024-02-25 10:29:53 --> Invalid file: "your_forgot_password_view.php"
in SYSTEMPATH\Exceptions\FrameworkException.php on line 33.
 1 SYSTEMPATH\View\View.php(201): CodeIgniter\Exceptions\FrameworkException::forInvalidFile('your_forgot_password_view.php')
 2 SYSTEMPATH\Common.php(1177): CodeIgniter\View\View->render('your_forgot_password_view', [], true)
 3 APPPATH\Controllers\ForgotPasswordController.php(44): view('your_forgot_password_view', [...])
 4 SYSTEMPATH\CodeIgniter.php(934): App\Controllers\ForgotPasswordController->ResetPass()
 5 SYSTEMPATH\CodeIgniter.php(499): CodeIgniter\CodeIgniter->runController(Object(App\Controllers\ForgotPasswordController))
 6 SYSTEMPATH\CodeIgniter.php(368): CodeIgniter\CodeIgniter->handleRequest(null, Object(Config\Cache), false)
 7 FCPATH\index.php(67): CodeIgniter\CodeIgniter->run()
 8 SYSTEMPATH\Commands\Server\rewrite.php(47): require_once('FCPATH\\index.php')
CRITICAL - 2024-02-25 10:30:51 --> Invalid file: "Login.php"
in SYSTEMPATH\Exceptions\FrameworkException.php on line 33.
 1 SYSTEMPATH\View\View.php(201): CodeIgniter\Exceptions\FrameworkException::forInvalidFile('Login.php')
 2 SYSTEMPATH\Common.php(1177): CodeIgniter\View\View->render('Login', [], true)
 3 APPPATH\Controllers\ForgotPasswordController.php(44): view('Login', [...])
 4 SYSTEMPATH\CodeIgniter.php(934): App\Controllers\ForgotPasswordController->ResetPass()
 5 SYSTEMPATH\CodeIgniter.php(499): CodeIgniter\CodeIgniter->runController(Object(App\Controllers\ForgotPasswordController))
 6 SYSTEMPATH\CodeIgniter.php(368): CodeIgniter\CodeIgniter->handleRequest(null, Object(Config\Cache), false)
 7 FCPATH\index.php(67): CodeIgniter\CodeIgniter->run()
 8 SYSTEMPATH\Commands\Server\rewrite.php(47): require_once('FCPATH\\index.php')
CRITICAL - 2024-02-25 10:31:10 --> Invalid file: "Login.php"
in SYSTEMPATH\Exceptions\FrameworkException.php on line 33.
 1 SYSTEMPATH\View\View.php(201): CodeIgniter\Exceptions\FrameworkException::forInvalidFile('Login.php')
 2 SYSTEMPATH\Common.php(1177): CodeIgniter\View\View->render('Login', [], true)
 3 APPPATH\Controllers\ForgotPasswordController.php(44): view('Login', [...])
 4 SYSTEMPATH\CodeIgniter.php(934): App\Controllers\ForgotPasswordController->ResetPass()
 5 SYSTEMPATH\CodeIgniter.php(499): CodeIgniter\CodeIgniter->runController(Object(App\Controllers\ForgotPasswordController))
 6 SYSTEMPATH\CodeIgniter.php(368): CodeIgniter\CodeIgniter->handleRequest(null, Object(Config\Cache), false)
 7 FCPATH\index.php(67): CodeIgniter\CodeIgniter->run()
 8 SYSTEMPATH\Commands\Server\rewrite.php(47): require_once('FCPATH\\index.php')
CRITICAL - 2024-02-25 10:31:24 --> syntax error, unexpected identifier "l", expecting "function" or "const"
in APPPATH\Controllers\ForgotPasswordController.php on line 46.
 1 SYSTEMPATH\Autoloader\Autoloader.php(289): CodeIgniter\Autoloader\Autoloader->includeFile('APPPATH\\Controllers\\ForgotPasswordController.php')
 2 SYSTEMPATH\Autoloader\Autoloader.php(267): CodeIgniter\Autoloader\Autoloader->loadInNamespace('App\\Controllers\\ForgotPasswordController')
 3 [internal function]: CodeIgniter\Autoloader\Autoloader->loadClass('App\\Controllers\\ForgotPasswordController')
 4 SYSTEMPATH\CodeIgniter.php(892): class_exists('\\App\\Controllers\\ForgotPasswordController', true)
 5 SYSTEMPATH\CodeIgniter.php(486): CodeIgniter\CodeIgniter->startController()
 6 SYSTEMPATH\CodeIgniter.php(368): CodeIgniter\CodeIgniter->handleRequest(null, Object(Config\Cache), false)
 7 FCPATH\index.php(67): CodeIgniter\CodeIgniter->run()
 8 SYSTEMPATH\Commands\Server\rewrite.php(47): require_once('FCPATH\\index.php')
CRITICAL - 2024-02-25 10:31:26 --> syntax error, unexpected identifier "l", expecting "function" or "const"
in APPPATH\Controllers\ForgotPasswordController.php on line 46.
 1 SYSTEMPATH\Autoloader\Autoloader.php(289): CodeIgniter\Autoloader\Autoloader->includeFile('APPPATH\\Controllers\\ForgotPasswordController.php')
 2 SYSTEMPATH\Autoloader\Autoloader.php(267): CodeIgniter\Autoloader\Autoloader->loadInNamespace('App\\Controllers\\ForgotPasswordController')
 3 [internal function]: CodeIgniter\Autoloader\Autoloader->loadClass('App\\Controllers\\ForgotPasswordController')
 4 SYSTEMPATH\CodeIgniter.php(892): class_exists('\\App\\Controllers\\ForgotPasswordController', true)
 5 SYSTEMPATH\CodeIgniter.php(486): CodeIgniter\CodeIgniter->startController()
 6 SYSTEMPATH\CodeIgniter.php(368): CodeIgniter\CodeIgniter->handleRequest(null, Object(Config\Cache), false)
 7 FCPATH\index.php(67): CodeIgniter\CodeIgniter->run()
 8 SYSTEMPATH\Commands\Server\rewrite.php(47): require_once('FCPATH\\index.php')
CRITICAL - 2024-02-25 10:31:27 --> syntax error, unexpected identifier "l", expecting "function" or "const"
in APPPATH\Controllers\ForgotPasswordController.php on line 46.
 1 SYSTEMPATH\Autoloader\Autoloader.php(289): CodeIgniter\Autoloader\Autoloader->includeFile('APPPATH\\Controllers\\ForgotPasswordController.php')
 2 SYSTEMPATH\Autoloader\Autoloader.php(267): CodeIgniter\Autoloader\Autoloader->loadInNamespace('App\\Controllers\\ForgotPasswordController')
 3 [internal function]: CodeIgniter\Autoloader\Autoloader->loadClass('App\\Controllers\\ForgotPasswordController')
 4 SYSTEMPATH\CodeIgniter.php(892): class_exists('\\App\\Controllers\\ForgotPasswordController', true)
 5 SYSTEMPATH\CodeIgniter.php(486): CodeIgniter\CodeIgniter->startController()
 6 SYSTEMPATH\CodeIgniter.php(368): CodeIgniter\CodeIgniter->handleRequest(null, Object(Config\Cache), false)
 7 FCPATH\index.php(67): CodeIgniter\CodeIgniter->run()
 8 SYSTEMPATH\Commands\Server\rewrite.php(47): require_once('FCPATH\\index.php')
CRITICAL - 2024-02-25 10:31:27 --> syntax error, unexpected identifier "l", expecting "function" or "const"
in APPPATH\Controllers\ForgotPasswordController.php on line 46.
 1 SYSTEMPATH\Autoloader\Autoloader.php(289): CodeIgniter\Autoloader\Autoloader->includeFile('APPPATH\\Controllers\\ForgotPasswordController.php')
 2 SYSTEMPATH\Autoloader\Autoloader.php(267): CodeIgniter\Autoloader\Autoloader->loadInNamespace('App\\Controllers\\ForgotPasswordController')
 3 [internal function]: CodeIgniter\Autoloader\Autoloader->loadClass('App\\Controllers\\ForgotPasswordController')
 4 SYSTEMPATH\CodeIgniter.php(892): class_exists('\\App\\Controllers\\ForgotPasswordController', true)
 5 SYSTEMPATH\CodeIgniter.php(486): CodeIgniter\CodeIgniter->startController()
 6 SYSTEMPATH\CodeIgniter.php(368): CodeIgniter\CodeIgniter->handleRequest(null, Object(Config\Cache), false)
 7 FCPATH\index.php(67): CodeIgniter\CodeIgniter->run()
 8 SYSTEMPATH\Commands\Server\rewrite.php(47): require_once('FCPATH\\index.php')
CRITICAL - 2024-02-25 10:31:28 --> syntax error, unexpected identifier "l", expecting "function" or "const"
in APPPATH\Controllers\ForgotPasswordController.php on line 46.
 1 SYSTEMPATH\Autoloader\Autoloader.php(289): CodeIgniter\Autoloader\Autoloader->includeFile('APPPATH\\Controllers\\ForgotPasswordController.php')
 2 SYSTEMPATH\Autoloader\Autoloader.php(267): CodeIgniter\Autoloader\Autoloader->loadInNamespace('App\\Controllers\\ForgotPasswordController')
 3 [internal function]: CodeIgniter\Autoloader\Autoloader->loadClass('App\\Controllers\\ForgotPasswordController')
 4 SYSTEMPATH\CodeIgniter.php(892): class_exists('\\App\\Controllers\\ForgotPasswordController', true)
 5 SYSTEMPATH\CodeIgniter.php(486): CodeIgniter\CodeIgniter->startController()
 6 SYSTEMPATH\CodeIgniter.php(368): CodeIgniter\CodeIgniter->handleRequest(null, Object(Config\Cache), false)
 7 FCPATH\index.php(67): CodeIgniter\CodeIgniter->run()
 8 SYSTEMPATH\Commands\Server\rewrite.php(47): require_once('FCPATH\\index.php')
CRITICAL - 2024-02-25 10:31:29 --> syntax error, unexpected identifier "l", expecting "function" or "const"
in APPPATH\Controllers\ForgotPasswordController.php on line 46.
 1 SYSTEMPATH\Autoloader\Autoloader.php(289): CodeIgniter\Autoloader\Autoloader->includeFile('APPPATH\\Controllers\\ForgotPasswordController.php')
 2 SYSTEMPATH\Autoloader\Autoloader.php(267): CodeIgniter\Autoloader\Autoloader->loadInNamespace('App\\Controllers\\ForgotPasswordController')
 3 [internal function]: CodeIgniter\Autoloader\Autoloader->loadClass('App\\Controllers\\ForgotPasswordController')
 4 SYSTEMPATH\CodeIgniter.php(892): class_exists('\\App\\Controllers\\ForgotPasswordController', true)
 5 SYSTEMPATH\CodeIgniter.php(486): CodeIgniter\CodeIgniter->startController()
 6 SYSTEMPATH\CodeIgniter.php(368): CodeIgniter\CodeIgniter->handleRequest(null, Object(Config\Cache), false)
 7 FCPATH\index.php(67): CodeIgniter\CodeIgniter->run()
 8 SYSTEMPATH\Commands\Server\rewrite.php(47): require_once('FCPATH\\index.php')
CRITICAL - 2024-02-25 10:31:29 --> syntax error, unexpected identifier "l", expecting "function" or "const"
in APPPATH\Controllers\ForgotPasswordController.php on line 46.
 1 SYSTEMPATH\Autoloader\Autoloader.php(289): CodeIgniter\Autoloader\Autoloader->includeFile('APPPATH\\Controllers\\ForgotPasswordController.php')
 2 SYSTEMPATH\Autoloader\Autoloader.php(267): CodeIgniter\Autoloader\Autoloader->loadInNamespace('App\\Controllers\\ForgotPasswordController')
 3 [internal function]: CodeIgniter\Autoloader\Autoloader->loadClass('App\\Controllers\\ForgotPasswordController')
 4 SYSTEMPATH\CodeIgniter.php(892): class_exists('\\App\\Controllers\\ForgotPasswordController', true)
 5 SYSTEMPATH\CodeIgniter.php(486): CodeIgniter\CodeIgniter->startController()
 6 SYSTEMPATH\CodeIgniter.php(368): CodeIgniter\CodeIgniter->handleRequest(null, Object(Config\Cache), false)
 7 FCPATH\index.php(67): CodeIgniter\CodeIgniter->run()
 8 SYSTEMPATH\Commands\Server\rewrite.php(47): require_once('FCPATH\\index.php')
CRITICAL - 2024-02-25 10:31:48 --> syntax error, unexpected identifier "l", expecting "function" or "const"
in APPPATH\Controllers\ForgotPasswordController.php on line 46.
 1 SYSTEMPATH\Autoloader\Autoloader.php(289): CodeIgniter\Autoloader\Autoloader->includeFile('APPPATH\\Controllers\\ForgotPasswordController.php')
 2 SYSTEMPATH\Autoloader\Autoloader.php(267): CodeIgniter\Autoloader\Autoloader->loadInNamespace('App\\Controllers\\ForgotPasswordController')
 3 [internal function]: CodeIgniter\Autoloader\Autoloader->loadClass('App\\Controllers\\ForgotPasswordController')
 4 SYSTEMPATH\CodeIgniter.php(892): class_exists('\\App\\Controllers\\ForgotPasswordController', true)
 5 SYSTEMPATH\CodeIgniter.php(486): CodeIgniter\CodeIgniter->startController()
 6 SYSTEMPATH\CodeIgniter.php(368): CodeIgniter\CodeIgniter->handleRequest(null, Object(Config\Cache), false)
 7 FCPATH\index.php(67): CodeIgniter\CodeIgniter->run()
 8 SYSTEMPATH\Commands\Server\rewrite.php(47): require_once('FCPATH\\index.php')
ERROR - 2024-02-25 10:33:30 --> mysqli_sql_exception: You have an error in your SQL syntax; check the manual that corresponds to your MariaDB server version for the right syntax to use near ')' at line 3 in C:\xampp\htdocs\ASKIFY\system\Database\MySQLi\Connection.php:295
Stack trace:
#0 C:\xampp\htdocs\ASKIFY\system\Database\MySQLi\Connection.php(295): mysqli->query('SELECT *\nFROM `...', 0)
#1 C:\xampp\htdocs\ASKIFY\system\Database\BaseConnection.php(691): CodeIgniter\Database\MySQLi\Connection->execute('SELECT *\nFROM `...')
#2 C:\xampp\htdocs\ASKIFY\system\Database\BaseConnection.php(605): CodeIgniter\Database\BaseConnection->simpleQuery('SELECT *\nFROM `...')
#3 C:\xampp\htdocs\ASKIFY\system\Database\BaseBuilder.php(1601): CodeIgniter\Database\BaseConnection->query('SELECT *\nFROM `...', Array, false)
#4 C:\xampp\htdocs\ASKIFY\system\Model.php(240): CodeIgniter\Database\BaseBuilder->get()
#5 C:\xampp\htdocs\ASKIFY\system\BaseModel.php(618): CodeIgniter\Model->doFindAll(0, 0)
#6 C:\xampp\htdocs\ASKIFY\app\Controllers\MessageController.php(35): CodeIgniter\BaseModel->findAll()
#7 C:\xampp\htdocs\ASKIFY\system\CodeIgniter.php(934): App\Controllers\MessageController->getUsers()
#8 C:\xampp\htdocs\ASKIFY\system\CodeIgniter.php(499): CodeIgniter\CodeIgniter->runController(Object(App\Controllers\MessageController))
#9 C:\xampp\htdocs\ASKIFY\system\CodeIgniter.php(368): CodeIgniter\CodeIgniter->handleRequest(NULL, Object(Config\Cache), false)
#10 C:\xampp\htdocs\ASKIFY\public\index.php(67): CodeIgniter\CodeIgniter->run()
#11 C:\xampp\htdocs\ASKIFY\system\Commands\Server\rewrite.php(47): require_once('C:\\xampp\\htdocs...')
#12 {main}
CRITICAL - 2024-02-25 10:33:30 --> You have an error in your SQL syntax; check the manual that corresponds to your MariaDB server version for the right syntax to use near ')' at line 3
in SYSTEMPATH\Database\BaseConnection.php on line 645.
 1 SYSTEMPATH\Database\BaseBuilder.php(1601): CodeIgniter\Database\BaseConnection->query('SELECT *
FROM `users`
WHERE `id` IN :id:', [...], false)
 2 SYSTEMPATH\Model.php(240): CodeIgniter\Database\BaseBuilder->get()
 3 SYSTEMPATH\BaseModel.php(618): CodeIgniter\Model->doFindAll(0, 0)
 4 APPPATH\Controllers\MessageController.php(35): CodeIgniter\BaseModel->findAll()
 5 SYSTEMPATH\CodeIgniter.php(934): App\Controllers\MessageController->getUsers()
 6 SYSTEMPATH\CodeIgniter.php(499): CodeIgniter\CodeIgniter->runController(Object(App\Controllers\MessageController))
 7 SYSTEMPATH\CodeIgniter.php(368): CodeIgniter\CodeIgniter->handleRequest(null, Object(Config\Cache), false)
 8 FCPATH\index.php(67): CodeIgniter\CodeIgniter->run()
 9 SYSTEMPATH\Commands\Server\rewrite.php(47): require_once('FCPATH\\index.php')
ERROR - 2024-02-25 10:33:45 --> mysqli_sql_exception: You have an error in your SQL syntax; check the manual that corresponds to your MariaDB server version for the right syntax to use near ')' at line 3 in C:\xampp\htdocs\ASKIFY\system\Database\MySQLi\Connection.php:295
Stack trace:
#0 C:\xampp\htdocs\ASKIFY\system\Database\MySQLi\Connection.php(295): mysqli->query('SELECT *\nFROM `...', 0)
#1 C:\xampp\htdocs\ASKIFY\system\Database\BaseConnection.php(691): CodeIgniter\Database\MySQLi\Connection->execute('SELECT *\nFROM `...')
#2 C:\xampp\htdocs\ASKIFY\system\Database\BaseConnection.php(605): CodeIgniter\Database\BaseConnection->simpleQuery('SELECT *\nFROM `...')
#3 C:\xampp\htdocs\ASKIFY\system\Database\BaseBuilder.php(1601): CodeIgniter\Database\BaseConnection->query('SELECT *\nFROM `...', Array, false)
#4 C:\xampp\htdocs\ASKIFY\system\Model.php(240): CodeIgniter\Database\BaseBuilder->get()
#5 C:\xampp\htdocs\ASKIFY\system\BaseModel.php(618): CodeIgniter\Model->doFindAll(0, 0)
#6 C:\xampp\htdocs\ASKIFY\app\Controllers\MessageController.php(35): CodeIgniter\BaseModel->findAll()
#7 C:\xampp\htdocs\ASKIFY\system\CodeIgniter.php(934): App\Controllers\MessageController->getUsers()
#8 C:\xampp\htdocs\ASKIFY\system\CodeIgniter.php(499): CodeIgniter\CodeIgniter->runController(Object(App\Controllers\MessageController))
#9 C:\xampp\htdocs\ASKIFY\system\CodeIgniter.php(368): CodeIgniter\CodeIgniter->handleRequest(NULL, Object(Config\Cache), false)
#10 C:\xampp\htdocs\ASKIFY\public\index.php(67): CodeIgniter\CodeIgniter->run()
#11 C:\xampp\htdocs\ASKIFY\system\Commands\Server\rewrite.php(47): require_once('C:\\xampp\\htdocs...')
#12 {main}
CRITICAL - 2024-02-25 10:33:45 --> You have an error in your SQL syntax; check the manual that corresponds to your MariaDB server version for the right syntax to use near ')' at line 3
in SYSTEMPATH\Database\BaseConnection.php on line 645.
 1 SYSTEMPATH\Database\BaseBuilder.php(1601): CodeIgniter\Database\BaseConnection->query('SELECT *
FROM `users`
WHERE `id` IN :id:', [...], false)
 2 SYSTEMPATH\Model.php(240): CodeIgniter\Database\BaseBuilder->get()
 3 SYSTEMPATH\BaseModel.php(618): CodeIgniter\Model->doFindAll(0, 0)
 4 APPPATH\Controllers\MessageController.php(35): CodeIgniter\BaseModel->findAll()
 5 SYSTEMPATH\CodeIgniter.php(934): App\Controllers\MessageController->getUsers()
 6 SYSTEMPATH\CodeIgniter.php(499): CodeIgniter\CodeIgniter->runController(Object(App\Controllers\MessageController))
 7 SYSTEMPATH\CodeIgniter.php(368): CodeIgniter\CodeIgniter->handleRequest(null, Object(Config\Cache), false)
 8 FCPATH\index.php(67): CodeIgniter\CodeIgniter->run()
 9 SYSTEMPATH\Commands\Server\rewrite.php(47): require_once('FCPATH\\index.php')
CRITICAL - 2024-02-25 10:40:44 --> CodeIgniter\BaseModel::findAll(): Argument #1 ($limit) must be of type int, string given, called in C:\xampp\htdocs\ASKIFY\app\Controllers\ForgotPasswordController.php on line 22
in SYSTEMPATH\BaseModel.php on line 601.
 1 APPPATH\Controllers\ForgotPasswordController.php(22): CodeIgniter\BaseModel->findAll('name')
 2 SYSTEMPATH\CodeIgniter.php(934): App\Controllers\ForgotPasswordController->ResetPass()
 3 SYSTEMPATH\CodeIgniter.php(499): CodeIgniter\CodeIgniter->runController(Object(App\Controllers\ForgotPasswordController))
 4 SYSTEMPATH\CodeIgniter.php(368): CodeIgniter\CodeIgniter->handleRequest(null, Object(Config\Cache), false)
 5 FCPATH\index.php(67): CodeIgniter\CodeIgniter->run()
 6 SYSTEMPATH\Commands\Server\rewrite.php(47): require_once('FCPATH\\index.php')
CRITICAL - 2024-02-25 10:47:53 --> Too few arguments to function App\Controllers\ForgotPasswordController::sendNewPasswordEmail(), 2 passed in C:\xampp\htdocs\ASKIFY\app\Controllers\ForgotPasswordController.php on line 41 and exactly 3 expected
in APPPATH\Controllers\ForgotPasswordController.php on line 75.
 1 APPPATH\Controllers\ForgotPasswordController.php(41): App\Controllers\ForgotPasswordController->sendNewPasswordEmail('akshaykomade012345@gmail.com', 'CzLxQ5sCh(')
 2 SYSTEMPATH\CodeIgniter.php(934): App\Controllers\ForgotPasswordController->ResetPass()
 3 SYSTEMPATH\CodeIgniter.php(499): CodeIgniter\CodeIgniter->runController(Object(App\Controllers\ForgotPasswordController))
 4 SYSTEMPATH\CodeIgniter.php(368): CodeIgniter\CodeIgniter->handleRequest(null, Object(Config\Cache), false)
 5 FCPATH\index.php(67): CodeIgniter\CodeIgniter->run()
 6 SYSTEMPATH\Commands\Server\rewrite.php(47): require_once('FCPATH\\index.php')
CRITICAL - 2024-02-25 10:51:16 --> Trying to access array offset on value of type null
in APPPATH\Controllers\ForgotPasswordController.php on line 29.
 1 APPPATH\Controllers\ForgotPasswordController.php(29): CodeIgniter\Debug\Exceptions->errorHandler(2, 'Trying to access array offset on value of type null', 'APPPATH\\Controllers\\ForgotPasswordController.php', 29)
 2 SYSTEMPATH\CodeIgniter.php(934): App\Controllers\ForgotPasswordController->ResetPass()
 3 SYSTEMPATH\CodeIgniter.php(499): CodeIgniter\CodeIgniter->runController(Object(App\Controllers\ForgotPasswordController))
 4 SYSTEMPATH\CodeIgniter.php(368): CodeIgniter\CodeIgniter->handleRequest(null, Object(Config\Cache), false)
 5 FCPATH\index.php(67): CodeIgniter\CodeIgniter->run()
 6 SYSTEMPATH\Commands\Server\rewrite.php(47): require_once('FCPATH\\index.php')
CRITICAL - 2024-02-25 13:00:57 --> Undefined constant "CodeIgniter\Database\MySQLi\MYSQLI_STORE_RESULT"
in SYSTEMPATH/Database/Database.php on line 138.
 1 SYSTEMPATH/Database/Database.php(56): CodeIgniter\Database\Database->initDriver()
 2 SYSTEMPATH/Database/Config.php(82): CodeIgniter\Database\Database->load()
 3 SYSTEMPATH/Model.php(154): CodeIgniter\Database\Config::connect()
 4 APPPATH/Controllers/Home.php(10): CodeIgniter\Model->__construct()
 5 SYSTEMPATH/CodeIgniter.php(934): App\Controllers\Home->index()
 6 SYSTEMPATH/CodeIgniter.php(499): CodeIgniter\CodeIgniter->runController()
 7 SYSTEMPATH/CodeIgniter.php(368): CodeIgniter\CodeIgniter->handleRequest()
 8 FCPATH/index.php(67): CodeIgniter\CodeIgniter->run()
 9 SYSTEMPATH/Commands/Server/rewrite.php(47): require_once('FCPATH/index.php')
CRITICAL - 2024-02-25 13:01:28 --> Undefined constant "CodeIgniter\Database\MySQLi\MYSQLI_STORE_RESULT"
in SYSTEMPATH/Database/Database.php on line 138.
 1 SYSTEMPATH/Database/Database.php(56): CodeIgniter\Database\Database->initDriver()
 2 SYSTEMPATH/Database/Config.php(82): CodeIgniter\Database\Database->load()
 3 SYSTEMPATH/Model.php(154): CodeIgniter\Database\Config::connect()
 4 APPPATH/Controllers/Home.php(10): CodeIgniter\Model->__construct()
 5 SYSTEMPATH/CodeIgniter.php(934): App\Controllers\Home->index()
 6 SYSTEMPATH/CodeIgniter.php(499): CodeIgniter\CodeIgniter->runController()
 7 SYSTEMPATH/CodeIgniter.php(368): CodeIgniter\CodeIgniter->handleRequest()
 8 FCPATH/index.php(67): CodeIgniter\CodeIgniter->run()
 9 SYSTEMPATH/Commands/Server/rewrite.php(47): require_once('FCPATH/index.php')
CRITICAL - 2024-02-25 13:01:29 --> Undefined constant "CodeIgniter\Database\MySQLi\MYSQLI_STORE_RESULT"
in SYSTEMPATH/Database/Database.php on line 138.
 1 SYSTEMPATH/Database/Database.php(56): CodeIgniter\Database\Database->initDriver()
 2 SYSTEMPATH/Database/Config.php(82): CodeIgniter\Database\Database->load()
 3 SYSTEMPATH/Model.php(154): CodeIgniter\Database\Config::connect()
 4 APPPATH/Controllers/Home.php(10): CodeIgniter\Model->__construct()
 5 SYSTEMPATH/CodeIgniter.php(934): App\Controllers\Home->index()
 6 SYSTEMPATH/CodeIgniter.php(499): CodeIgniter\CodeIgniter->runController()
 7 SYSTEMPATH/CodeIgniter.php(368): CodeIgniter\CodeIgniter->handleRequest()
 8 FCPATH/index.php(67): CodeIgniter\CodeIgniter->run()
 9 SYSTEMPATH/Commands/Server/rewrite.php(47): require_once('FCPATH/index.php')
CRITICAL - 2024-02-25 13:01:35 --> Undefined constant "CodeIgniter\Database\MySQLi\MYSQLI_STORE_RESULT"
in SYSTEMPATH/Database/Database.php on line 138.
 1 SYSTEMPATH/Database/Database.php(56): CodeIgniter\Database\Database->initDriver()
 2 SYSTEMPATH/Database/Config.php(82): CodeIgniter\Database\Database->load()
 3 SYSTEMPATH/Model.php(154): CodeIgniter\Database\Config::connect()
 4 APPPATH/Controllers/Home.php(10): CodeIgniter\Model->__construct()
 5 SYSTEMPATH/CodeIgniter.php(934): App\Controllers\Home->index()
 6 SYSTEMPATH/CodeIgniter.php(499): CodeIgniter\CodeIgniter->runController()
 7 SYSTEMPATH/CodeIgniter.php(368): CodeIgniter\CodeIgniter->handleRequest()
 8 FCPATH/index.php(67): CodeIgniter\CodeIgniter->run()
 9 SYSTEMPATH/Commands/Server/rewrite.php(47): require_once('FCPATH/index.php')
CRITICAL - 2024-02-25 13:01:36 --> Undefined constant "CodeIgniter\Database\MySQLi\MYSQLI_STORE_RESULT"
in SYSTEMPATH/Database/Database.php on line 138.
 1 SYSTEMPATH/Database/Database.php(56): CodeIgniter\Database\Database->initDriver()
 2 SYSTEMPATH/Database/Config.php(82): CodeIgniter\Database\Database->load()
 3 SYSTEMPATH/Model.php(154): CodeIgniter\Database\Config::connect()
 4 APPPATH/Controllers/Home.php(10): CodeIgniter\Model->__construct()
 5 SYSTEMPATH/CodeIgniter.php(934): App\Controllers\Home->index()
 6 SYSTEMPATH/CodeIgniter.php(499): CodeIgniter\CodeIgniter->runController()
 7 SYSTEMPATH/CodeIgniter.php(368): CodeIgniter\CodeIgniter->handleRequest()
 8 FCPATH/index.php(67): CodeIgniter\CodeIgniter->run()
 9 SYSTEMPATH/Commands/Server/rewrite.php(47): require_once('FCPATH/index.php')
CRITICAL - 2024-02-25 13:01:36 --> Undefined constant "CodeIgniter\Database\MySQLi\MYSQLI_STORE_RESULT"
in SYSTEMPATH/Database/Database.php on line 138.
 1 SYSTEMPATH/Database/Database.php(56): CodeIgniter\Database\Database->initDriver()
 2 SYSTEMPATH/Database/Config.php(82): CodeIgniter\Database\Database->load()
 3 SYSTEMPATH/Model.php(154): CodeIgniter\Database\Config::connect()
 4 APPPATH/Controllers/Home.php(10): CodeIgniter\Model->__construct()
 5 SYSTEMPATH/CodeIgniter.php(934): App\Controllers\Home->index()
 6 SYSTEMPATH/CodeIgniter.php(499): CodeIgniter\CodeIgniter->runController()
 7 SYSTEMPATH/CodeIgniter.php(368): CodeIgniter\CodeIgniter->handleRequest()
 8 FCPATH/index.php(67): CodeIgniter\CodeIgniter->run()
 9 SYSTEMPATH/Commands/Server/rewrite.php(47): require_once('FCPATH/index.php')
CRITICAL - 2024-02-25 13:02:22 --> Undefined constant "CodeIgniter\Database\MySQLi\MYSQLI_STORE_RESULT"
in SYSTEMPATH/Database/Database.php on line 138.
 1 SYSTEMPATH/Database/Database.php(56): CodeIgniter\Database\Database->initDriver()
 2 SYSTEMPATH/Database/Config.php(82): CodeIgniter\Database\Database->load()
 3 SYSTEMPATH/Model.php(154): CodeIgniter\Database\Config::connect()
 4 APPPATH/Controllers/Home.php(10): CodeIgniter\Model->__construct()
 5 SYSTEMPATH/CodeIgniter.php(934): App\Controllers\Home->index()
 6 SYSTEMPATH/CodeIgniter.php(499): CodeIgniter\CodeIgniter->runController()
 7 SYSTEMPATH/CodeIgniter.php(368): CodeIgniter\CodeIgniter->handleRequest()
 8 FCPATH/index.php(67): CodeIgniter\CodeIgniter->run()
 9 SYSTEMPATH/Commands/Server/rewrite.php(47): require_once('FCPATH/index.php')
CRITICAL - 2024-02-25 13:02:23 --> Undefined constant "CodeIgniter\Database\MySQLi\MYSQLI_STORE_RESULT"
in SYSTEMPATH/Database/Database.php on line 138.
 1 SYSTEMPATH/Database/Database.php(56): CodeIgniter\Database\Database->initDriver()
 2 SYSTEMPATH/Database/Config.php(82): CodeIgniter\Database\Database->load()
 3 SYSTEMPATH/Model.php(154): CodeIgniter\Database\Config::connect()
 4 APPPATH/Controllers/Home.php(10): CodeIgniter\Model->__construct()
 5 SYSTEMPATH/CodeIgniter.php(934): App\Controllers\Home->index()
 6 SYSTEMPATH/CodeIgniter.php(499): CodeIgniter\CodeIgniter->runController()
 7 SYSTEMPATH/CodeIgniter.php(368): CodeIgniter\CodeIgniter->handleRequest()
 8 FCPATH/index.php(67): CodeIgniter\CodeIgniter->run()
 9 SYSTEMPATH/Commands/Server/rewrite.php(47): require_once('FCPATH/index.php')
CRITICAL - 2024-02-25 13:39:30 --> Undefined constant "CodeIgniter\Database\MySQLi\MYSQLI_STORE_RESULT"
in SYSTEMPATH/Database/Database.php on line 138.
 1 SYSTEMPATH/Database/Database.php(56): CodeIgniter\Database\Database->initDriver()
 2 SYSTEMPATH/Database/Config.php(82): CodeIgniter\Database\Database->load()
 3 SYSTEMPATH/Model.php(154): CodeIgniter\Database\Config::connect()
 4 APPPATH/Controllers/Home.php(10): CodeIgniter\Model->__construct()
 5 SYSTEMPATH/CodeIgniter.php(934): App\Controllers\Home->index()
 6 SYSTEMPATH/CodeIgniter.php(499): CodeIgniter\CodeIgniter->runController()
 7 SYSTEMPATH/CodeIgniter.php(368): CodeIgniter\CodeIgniter->handleRequest()
 8 FCPATH/index.php(67): CodeIgniter\CodeIgniter->run()
 9 SYSTEMPATH/Commands/Server/rewrite.php(47): require_once('FCPATH/index.php')
CRITICAL - 2024-02-25 13:39:35 --> Undefined constant "CodeIgniter\Database\MySQLi\MYSQLI_STORE_RESULT"
in SYSTEMPATH/Database/Database.php on line 138.
 1 SYSTEMPATH/Database/Database.php(56): CodeIgniter\Database\Database->initDriver()
 2 SYSTEMPATH/Database/Config.php(82): CodeIgniter\Database\Database->load()
 3 SYSTEMPATH/Model.php(154): CodeIgniter\Database\Config::connect()
 4 APPPATH/Controllers/Home.php(10): CodeIgniter\Model->__construct()
 5 SYSTEMPATH/CodeIgniter.php(934): App\Controllers\Home->index()
 6 SYSTEMPATH/CodeIgniter.php(499): CodeIgniter\CodeIgniter->runController()
 7 SYSTEMPATH/CodeIgniter.php(368): CodeIgniter\CodeIgniter->handleRequest()
 8 FCPATH/index.php(67): CodeIgniter\CodeIgniter->run()
 9 SYSTEMPATH/Commands/Server/rewrite.php(47): require_once('FCPATH/index.php')
ERROR - 2024-02-25 14:23:55 --> Error connecting to the database: mysqli_sql_exception: No connection could be made because the target machine actively refused it in C:\xampp\htdocs\ASKIFY\system\Database\MySQLi\Connection.php:173
Stack trace:
#0 C:\xampp\htdocs\ASKIFY\system\Database\MySQLi\Connection.php(173): mysqli->real_connect('localhost', 'root', Object(SensitiveParameterValue), 'project', 3306, '', 0)
#1 C:\xampp\htdocs\ASKIFY\system\Database\BaseConnection.php(391): CodeIgniter\Database\MySQLi\Connection->connect(false)
#2 C:\xampp\htdocs\ASKIFY\system\Database\BaseConnection.php(573): CodeIgniter\Database\BaseConnection->initialize()
#3 C:\xampp\htdocs\ASKIFY\system\Database\BaseBuilder.php(1601): CodeIgniter\Database\BaseConnection->query('SELECT *\nFROM `...', Array, false)
#4 C:\xampp\htdocs\ASKIFY\system\Model.php(240): CodeIgniter\Database\BaseBuilder->get()
#5 C:\xampp\htdocs\ASKIFY\system\BaseModel.php(618): CodeIgniter\Model->doFindAll(0, 0)
#6 C:\xampp\htdocs\ASKIFY\app\Controllers\Home.php(11): CodeIgniter\BaseModel->findAll()
#7 C:\xampp\htdocs\ASKIFY\system\CodeIgniter.php(934): App\Controllers\Home->index()
#8 C:\xampp\htdocs\ASKIFY\system\CodeIgniter.php(499): CodeIgniter\CodeIgniter->runController(Object(App\Controllers\Home))
#9 C:\xampp\htdocs\ASKIFY\system\CodeIgniter.php(368): CodeIgniter\CodeIgniter->handleRequest(NULL, Object(Config\Cache), false)
#10 C:\xampp\htdocs\ASKIFY\public\index.php(67): CodeIgniter\CodeIgniter->run()
#11 C:\xampp\htdocs\ASKIFY\system\Commands\Server\rewrite.php(47): require_once('C:\\xampp\\htdocs...')
#12 {main}

Next CodeIgniter\Database\Exceptions\DatabaseException: No connection could be made because the target machine actively refused it in C:\xampp\htdocs\ASKIFY\system\Database\MySQLi\Connection.php:218
Stack trace:
#0 C:\xampp\htdocs\ASKIFY\system\Database\BaseConnection.php(391): CodeIgniter\Database\MySQLi\Connection->connect(false)
#1 C:\xampp\htdocs\ASKIFY\system\Database\BaseConnection.php(573): CodeIgniter\Database\BaseConnection->initialize()
#2 C:\xampp\htdocs\ASKIFY\system\Database\BaseBuilder.php(1601): CodeIgniter\Database\BaseConnection->query('SELECT *\nFROM `...', Array, false)
#3 C:\xampp\htdocs\ASKIFY\system\Model.php(240): CodeIgniter\Database\BaseBuilder->get()
#4 C:\xampp\htdocs\ASKIFY\system\BaseModel.php(618): CodeIgniter\Model->doFindAll(0, 0)
#5 C:\xampp\htdocs\ASKIFY\app\Controllers\Home.php(11): CodeIgniter\BaseModel->findAll()
#6 C:\xampp\htdocs\ASKIFY\system\CodeIgniter.php(934): App\Controllers\Home->index()
#7 C:\xampp\htdocs\ASKIFY\system\CodeIgniter.php(499): CodeIgniter\CodeIgniter->runController(Object(App\Controllers\Home))
#8 C:\xampp\htdocs\ASKIFY\system\CodeIgniter.php(368): CodeIgniter\CodeIgniter->handleRequest(NULL, Object(Config\Cache), false)
#9 C:\xampp\htdocs\ASKIFY\public\index.php(67): CodeIgniter\CodeIgniter->run()
#10 C:\xampp\htdocs\ASKIFY\system\Commands\Server\rewrite.php(47): require_once('C:\\xampp\\htdocs...')
#11 {main}
CRITICAL - 2024-02-25 14:23:55 --> Unable to connect to the database.
Main connection [MySQLi]: No connection could be made because the target machine actively refused it
in SYSTEMPATH\Database\BaseConnection.php on line 427.
 1 SYSTEMPATH\Database\BaseConnection.php(573): CodeIgniter\Database\BaseConnection->initialize()
 2 SYSTEMPATH\Database\BaseBuilder.php(1601): CodeIgniter\Database\BaseConnection->query('SELECT *
FROM `categories`', [], false)
 3 SYSTEMPATH\Model.php(240): CodeIgniter\Database\BaseBuilder->get()
 4 SYSTEMPATH\BaseModel.php(618): CodeIgniter\Model->doFindAll(0, 0)
 5 APPPATH\Controllers\Home.php(11): CodeIgniter\BaseModel->findAll()
 6 SYSTEMPATH\CodeIgniter.php(934): App\Controllers\Home->index()
 7 SYSTEMPATH\CodeIgniter.php(499): CodeIgniter\CodeIgniter->runController(Object(App\Controllers\Home))
 8 SYSTEMPATH\CodeIgniter.php(368): CodeIgniter\CodeIgniter->handleRequest(null, Object(Config\Cache), false)
 9 FCPATH\index.php(67): CodeIgniter\CodeIgniter->run()
10 SYSTEMPATH\Commands\Server\rewrite.php(47): require_once('FCPATH\\index.php')
