ERROR - 2024-03-20 03:49:05 --> mysqli_sql_exception: You have an error in your SQL syntax; check the manual that corresponds to your MySQL server version for the right syntax to use near ')' at line 3 in /var/www/html/Askify/system/Database/MySQLi/Connection.php:295
Stack trace:
#0 /var/www/html/Askify/system/Database/MySQLi/Connection.php(295): mysqli->query()
#1 /var/www/html/Askify/system/Database/BaseConnection.php(691): CodeIgniter\Database\MySQLi\Connection->execute()
#2 /var/www/html/Askify/system/Database/BaseConnection.php(605): CodeIgniter\Database\BaseConnection->simpleQuery()
#3 /var/www/html/Askify/system/Database/BaseBuilder.php(1601): CodeIgniter\Database\BaseConnection->query()
#4 /var/www/html/Askify/system/Model.php(240): CodeIgniter\Database\BaseBuilder->get()
#5 /var/www/html/Askify/system/BaseModel.php(618): CodeIgniter\Model->doFindAll()
#6 /var/www/html/Askify/app/Controllers/MessageController.php(49): CodeIgniter\BaseModel->findAll()
#7 /var/www/html/Askify/system/CodeIgniter.php(934): App\Controllers\MessageController->getUsers()
#8 /var/www/html/Askify/system/CodeIgniter.php(499): CodeIgniter\CodeIgniter->runController()
#9 /var/www/html/Askify/system/CodeIgniter.php(368): CodeIgniter\CodeIgniter->handleRequest()
#10 /var/www/html/Askify/public/index.php(67): CodeIgniter\CodeIgniter->run()
#11 {main}
CRITICAL - 2024-03-20 03:49:05 --> You have an error in your SQL syntax; check the manual that corresponds to your MySQL server version for the right syntax to use near ')' at line 3
in SYSTEMPATH/Database/BaseConnection.php on line 645.
 1 SYSTEMPATH/Database/BaseBuilder.php(1601): CodeIgniter\Database\BaseConnection->query()
 2 SYSTEMPATH/Model.php(240): CodeIgniter\Database\BaseBuilder->get()
 3 SYSTEMPATH/BaseModel.php(618): CodeIgniter\Model->doFindAll()
 4 APPPATH/Controllers/MessageController.php(49): CodeIgniter\BaseModel->findAll()
 5 SYSTEMPATH/CodeIgniter.php(934): App\Controllers\MessageController->getUsers()
 6 SYSTEMPATH/CodeIgniter.php(499): CodeIgniter\CodeIgniter->runController()
 7 SYSTEMPATH/CodeIgniter.php(368): CodeIgniter\CodeIgniter->handleRequest()
 8 FCPATH/index.php(67): CodeIgniter\CodeIgniter->run()
